<?xml version="1.0" encoding="UTF-8"?>
<testng-results skipped="0" failed="1" ignored="0" total="4" passed="3">
  <reporter-output>
  </reporter-output>
  <suite name="Suite" duration-ms="72113" started-at="2020-09-10T15:08:09 IST" finished-at="2020-09-10T15:09:21 IST">
    <groups>
    </groups>
    <test name="Test" duration-ms="72113" started-at="2020-09-10T15:08:09 IST" finished-at="2020-09-10T15:09:21 IST">
      <class name="com.Demo.TestScript.FbLogin1">
        <test-method status="PASS" signature="setUpChrome()[pri:0, instance:com.Demo.TestScript.FbLogin1@7dc304]" name="setUpChrome" is-config="true" duration-ms="29166" started-at="2020-09-10T15:08:48 IST" finished-at="2020-09-10T15:09:17 IST">
          <reporter-output>
          </reporter-output>
        </test-method> <!-- setUpChrome -->
        <test-method status="FAIL" signature="verifyTitle()[pri:0, instance:com.Demo.TestScript.FbLogin1@7dc304]" name="verifyTitle" duration-ms="6" started-at="2020-09-10T15:09:17 IST" finished-at="2020-09-10T15:09:17 IST">
          <exception class="java.lang.AssertionError">
            <message>
              <![CDATA[expected [Facebook  log in or sign up] but found [Facebook – log in or sign up]]]>
            </message>
            <full-stacktrace>
              <![CDATA[java.lang.AssertionError: expected [Facebook  log in or sign up] but found [Facebook – log in or sign up]
at org.testng.Assert.fail(Assert.java:97)
at org.testng.Assert.assertEqualsImpl(Assert.java:136)
at org.testng.Assert.assertEquals(Assert.java:118)
at org.testng.Assert.assertEquals(Assert.java:575)
at org.testng.Assert.assertEquals(Assert.java:585)
at com.Demo.TestScript.FbLogin1.verifyTitle(FbLogin1.java:30)
at sun.reflect.NativeMethodAccessorImpl.invoke0(Native Method)
at sun.reflect.NativeMethodAccessorImpl.invoke(NativeMethodAccessorImpl.java:62)
at sun.reflect.DelegatingMethodAccessorImpl.invoke(DelegatingMethodAccessorImpl.java:43)
at java.lang.reflect.Method.invoke(Method.java:498)
at org.testng.internal.MethodInvocationHelper.invokeMethod(MethodInvocationHelper.java:134)
at org.testng.internal.TestInvoker.invokeMethod(TestInvoker.java:597)
at org.testng.internal.TestInvoker.invokeTestMethod(TestInvoker.java:173)
at org.testng.internal.MethodRunner.runInSequence(MethodRunner.java:46)
at org.testng.internal.TestInvoker$MethodInvocationAgent.invoke(TestInvoker.java:816)
at org.testng.internal.TestInvoker.invokeTestMethods(TestInvoker.java:146)
at org.testng.internal.TestMethodWorker.invokeTestMethods(TestMethodWorker.java:146)
at org.testng.internal.TestMethodWorker.run(TestMethodWorker.java:128)
at java.util.ArrayList.forEach(ArrayList.java:1257)
at org.testng.TestRunner.privateRun(TestRunner.java:766)
at org.testng.TestRunner.run(TestRunner.java:587)
at org.testng.SuiteRunner.runTest(SuiteRunner.java:384)
at org.testng.SuiteRunner.runSequentially(SuiteRunner.java:378)
at org.testng.SuiteRunner.privateRun(SuiteRunner.java:337)
at org.testng.SuiteRunner.run(SuiteRunner.java:286)
at org.testng.SuiteRunnerWorker.runSuite(SuiteRunnerWorker.java:53)
at org.testng.SuiteRunnerWorker.run(SuiteRunnerWorker.java:96)
at org.testng.TestNG.runSuitesSequentially(TestNG.java:1187)
at org.testng.TestNG.runSuitesLocally(TestNG.java:1109)
at org.testng.TestNG.runSuites(TestNG.java:1039)
at org.testng.TestNG.run(TestNG.java:1007)
at org.apache.maven.surefire.testng.TestNGExecutor.run(TestNGExecutor.java:284)
at org.apache.maven.surefire.testng.TestNGXmlTestSuite.execute(TestNGXmlTestSuite.java:75)
at org.apache.maven.surefire.testng.TestNGProvider.invoke(TestNGProvider.java:119)
at org.apache.maven.surefire.booter.ForkedBooter.runSuitesInProcess(ForkedBooter.java:428)
at org.apache.maven.surefire.booter.ForkedBooter.execute(ForkedBooter.java:162)
at org.apache.maven.surefire.booter.ForkedBooter.run(ForkedBooter.java:562)
at org.apache.maven.surefire.booter.ForkedBooter.main(ForkedBooter.java:548)
]]>
            </full-stacktrace>
          </exception> <!-- java.lang.AssertionError -->
          <reporter-output>
          </reporter-output>
        </test-method> <!-- verifyTitle -->
        <test-method status="PASS" signature="verifyUrl()[pri:0, instance:com.Demo.TestScript.FbLogin1@7dc304]" name="verifyUrl" duration-ms="5" started-at="2020-09-10T15:09:17 IST" finished-at="2020-09-10T15:09:17 IST">
          <reporter-output>
          </reporter-output>
        </test-method> <!-- verifyUrl -->
        <test-method status="PASS" signature="tearDown()[pri:0, instance:com.Demo.TestScript.FbLogin1@7dc304]" name="tearDown" is-config="true" duration-ms="477" started-at="2020-09-10T15:09:21 IST" finished-at="2020-09-10T15:09:21 IST">
          <reporter-output>
          </reporter-output>
        </test-method> <!-- tearDown -->
      </class> <!-- com.Demo.TestScript.FbLogin1 -->
      <class name="com.Demo.TestScript.FbLogin">
        <test-method status="PASS" signature="setUpChrome()[pri:0, instance:com.Demo.TestScript.FbLogin@16eabae]" name="setUpChrome" is-config="true" duration-ms="38605" started-at="2020-09-10T15:08:09 IST" finished-at="2020-09-10T15:08:48 IST">
          <reporter-output>
          </reporter-output>
        </test-method> <!-- setUpChrome -->
        <test-method status="PASS" signature="verifyTitle()[pri:0, instance:com.Demo.TestScript.FbLogin@16eabae]" name="verifyTitle" duration-ms="43" started-at="2020-09-10T15:09:17 IST" finished-at="2020-09-10T15:09:17 IST">
          <reporter-output>
          </reporter-output>
        </test-method> <!-- verifyTitle -->
        <test-method status="PASS" signature="verifyUrl()[pri:0, instance:com.Demo.TestScript.FbLogin@16eabae]" name="verifyUrl" duration-ms="7" started-at="2020-09-10T15:09:17 IST" finished-at="2020-09-10T15:09:17 IST">
          <reporter-output>
          </reporter-output>
        </test-method> <!-- verifyUrl -->
        <test-method status="PASS" signature="tearDown()[pri:0, instance:com.Demo.TestScript.FbLogin@16eabae]" name="tearDown" is-config="true" duration-ms="3612" started-at="2020-09-10T15:09:17 IST" finished-at="2020-09-10T15:09:21 IST">
          <reporter-output>
          </reporter-output>
        </test-method> <!-- tearDown -->
      </class> <!-- com.Demo.TestScript.FbLogin -->
    </test> <!-- Test -->
  </suite> <!-- Suite -->
</testng-results>
